{"failedCount":1,"prefixedPath":"features\/test.feature","packageQualifiedName":"features.test","loopIndex":-1,"relativePath":"features\/test.feature","scenarioResults":[{"sectionIndex":0,"stepResults":[{"result":{"nanos":1448491,"millis":1.448491,"status":"passed"},"step":{"line":11,"prefix":"*","index":0,"text":"def test = \"test me!\""}},{"result":{"nanos":2799307,"millis":2.799307,"status":"passed"},"step":{"line":12,"prefix":"Then","index":1,"text":"print test"},"stepLog":"19:22:27.190 [print] test me! \n"}],"executorName":"main","line":10,"name":"test_1","description":"","durationMillis":4.247798,"startTime":1684689747087,"failed":false,"refId":"[1:10]","endTime":1684689747190,"exampleIndex":-1},{"sectionIndex":1,"stepResults":[{"result":{"nanos":556760,"millis":0.55676,"status":"passed"},"step":{"line":15,"prefix":"Given","index":0,"text":"url \"127.0.0.1\""}},{"result":{"nanos":4079039,"millis":4.079039,"status":"passed"},"step":{"line":16,"prefix":"Given","index":1,"text":"path 'system', 'check'"}},{"result":{"nanos":118325101,"errorMessage":"http call failed after 114 milliseconds for url: \/127.0.0.1\/system\/check\nkarate.org.apache.http.ProtocolException: Target host is not specified\nfeatures\/test.feature:17","millis":118.325101,"status":"failed"},"step":{"line":17,"prefix":"When","index":2,"text":"method GET"},"stepLog":"19:22:27.319 karate.org.apache.http.ProtocolException: Target host is not specified, http call failed after 114 milliseconds for url: \/127.0.0.1\/system\/check\n19:22:27.321 features\/test.feature:17\nWhen method GET\nhttp call failed after 114 milliseconds for url: \/127.0.0.1\/system\/check\nkarate.org.apache.http.ProtocolException: Target host is not specified\nfeatures\/test.feature:17\n"},{"result":{"nanos":0,"millis":0.0,"status":"skipped"},"step":{"line":18,"prefix":"Then","index":3,"text":"status 200"}}],"line":14,"description":"","durationMillis":122.9609,"failed":true,"error":"http call failed after 114 milliseconds for url: \/127.0.0.1\/system\/check\nkarate.org.apache.http.ProtocolException: Target host is not specified\nfeatures\/test.feature:17","executorName":"main","name":"test_2","startTime":1684689747194,"refId":"[2:14]","endTime":1684689747321,"exampleIndex":-1}],"callDepth":0,"name":"test","description":"","resultDate":"2023-05-21 07:22:27 PM","durationMillis":127.208698,"passedCount":1}