{"failedCount":2,"prefixedPath":"features\/TestStatusCode.feature","packageQualifiedName":"features.TestStatusCode","loopIndex":-1,"relativePath":"features\/TestStatusCode.feature","scenarioResults":[{"sectionIndex":0,"stepResults":[{"result":{"nanos":1220591,"millis":1.220591,"status":"passed"},"step":{"background":true,"line":3,"prefix":"Given","index":0,"text":"url 'https:\/\/reqres.in\/api'"}},{"result":{"nanos":4350350,"millis":4.35035,"status":"passed"},"step":{"line":6,"prefix":"*","index":0,"text":"url + '\/users\/2'"}},{"result":{"nanos":178753228,"errorMessage":"http call failed after 172 milliseconds for url: NaN\nkarate.org.apache.http.ProtocolException: Target host is not specified\nfeatures\/TestStatusCode.feature:7","millis":178.753228,"status":"failed"},"step":{"line":7,"prefix":"When","index":1,"text":"method GET"},"stepLog":"19:38:53.297 karate.org.apache.http.ProtocolException: Target host is not specified, http call failed after 172 milliseconds for url: NaN\n19:38:53.301 features\/TestStatusCode.feature:7\nWhen method GET\nhttp call failed after 172 milliseconds for url: NaN\nkarate.org.apache.http.ProtocolException: Target host is not specified\nfeatures\/TestStatusCode.feature:7\n"},{"result":{"nanos":0,"millis":0.0,"status":"skipped"},"step":{"line":8,"prefix":"Then","index":2,"text":"status 200"}},{"result":{"nanos":0,"millis":0.0,"status":"skipped"},"step":{"line":9,"prefix":"And","index":3,"text":"print response.length"}}],"line":5,"description":"","durationMillis":184.324169,"failed":true,"error":"http call failed after 172 milliseconds for url: NaN\nkarate.org.apache.http.ProtocolException: Target host is not specified\nfeatures\/TestStatusCode.feature:7","executorName":"main","name":"Test a sample get api","startTime":1684690732981,"refId":"[1:5]","endTime":1684690733301,"exampleIndex":-1},{"sectionIndex":1,"stepResults":[{"result":{"nanos":224634,"millis":0.224634,"status":"passed"},"step":{"background":true,"line":3,"prefix":"Given","index":0,"text":"url 'https:\/\/reqres.in\/api'"}},{"result":{"nanos":679716,"millis":0.679716,"status":"passed"},"step":{"line":12,"prefix":"*","index":0,"text":"url + '\/users?page=2'"}},{"result":{"nanos":1037516,"errorMessage":"http call failed after 1 milliseconds for url: NaN\nkarate.org.apache.http.ProtocolException: Target host is not specified\nfeatures\/TestStatusCode.feature:13","millis":1.037516,"status":"failed"},"step":{"line":13,"prefix":"When","index":1,"text":"method GET"},"stepLog":"19:38:53.314 karate.org.apache.http.ProtocolException: Target host is not specified, http call failed after 1 milliseconds for url: NaN\n19:38:53.314 features\/TestStatusCode.feature:13\nWhen method GET\nhttp call failed after 1 milliseconds for url: NaN\nkarate.org.apache.http.ProtocolException: Target host is not specified\nfeatures\/TestStatusCode.feature:13\n"},{"result":{"nanos":0,"millis":0.0,"status":"skipped"},"step":{"line":14,"prefix":"And","index":2,"text":"print response"}}],"line":11,"description":"","durationMillis":1.941866,"failed":true,"error":"http call failed after 1 milliseconds for url: NaN\nkarate.org.apache.http.ProtocolException: Target host is not specified\nfeatures\/TestStatusCode.feature:13","executorName":"main","name":"Get len of list users","startTime":1684690733310,"refId":"[2:11]","endTime":1684690733314,"exampleIndex":-1},{"sectionIndex":2,"stepResults":[{"result":{"nanos":286421,"millis":0.286421,"status":"passed"},"step":{"background":true,"line":3,"prefix":"Given","index":0,"text":"url 'https:\/\/reqres.in\/api'"}},{"result":{"nanos":175320196,"millis":175.320196,"status":"passed"},"step":{"line":19,"prefix":"*","index":0,"text":"def result = karate.exec('python tests\/test_status_code.py')"},"stepLog":"19:38:53.327 command: [python, tests\/test_status_code.py], working dir: null\n"},{"result":{"nanos":6744809,"millis":6.744809,"status":"passed"},"step":{"line":20,"prefix":"*","index":1,"text":"def ans = karate.extract(result,'Age',1)"},"stepLog":"19:38:53.504 failed to find pattern: Age\n"}],"executorName":"main","line":17,"name":"Run python file","description":"","durationMillis":182.351426,"startTime":1684690733320,"failed":false,"refId":"[3:17]","endTime":1684690733505,"exampleIndex":-1}],"callDepth":0,"name":"sample api tests","description":"","resultDate":"2023-05-21 07:38:53 PM","durationMillis":368.617461,"passedCount":1}