{"failedCount":1,"prefixedPath":"features\/test.feature","packageQualifiedName":"features.test","loopIndex":-1,"relativePath":"features\/test.feature","scenarioResults":[{"sectionIndex":0,"stepResults":[{"result":{"nanos":1880937,"millis":1.880937,"status":"passed"},"step":{"line":11,"prefix":"*","index":0,"text":"def test = \"test me!\""}},{"result":{"nanos":3764116,"millis":3.764116,"status":"passed"},"step":{"line":12,"prefix":"Then","index":1,"text":"print test"},"stepLog":"18:22:31.527 [print] test me! \n"}],"executorName":"main","line":10,"name":"test_1","description":"","durationMillis":5.645053,"startTime":1684686151374,"failed":false,"refId":"[1:10]","endTime":1684686151527,"exampleIndex":-1},{"sectionIndex":1,"stepResults":[{"result":{"nanos":867661,"millis":0.867661,"status":"passed"},"step":{"line":15,"prefix":"Given","index":0,"text":"url \"127.0.0.1\""}},{"result":{"nanos":5536099,"millis":5.536099,"status":"passed"},"step":{"line":16,"prefix":"Given","index":1,"text":"path 'system', 'check'"}},{"result":{"nanos":178084127,"errorMessage":"http call failed after 172 milliseconds for url: \/127.0.0.1\/system\/check\nkarate.org.apache.http.ProtocolException: Target host is not specified\nfeatures\/test.feature:17","millis":178.084127,"status":"failed"},"step":{"line":17,"prefix":"When","index":2,"text":"method GET"},"stepLog":"18:22:31.720 karate.org.apache.http.ProtocolException: Target host is not specified, http call failed after 172 milliseconds for url: \/127.0.0.1\/system\/check\n18:22:31.725 features\/test.feature:17\nWhen method GET\nhttp call failed after 172 milliseconds for url: \/127.0.0.1\/system\/check\nkarate.org.apache.http.ProtocolException: Target host is not specified\nfeatures\/test.feature:17\n"},{"result":{"nanos":0,"millis":0.0,"status":"skipped"},"step":{"line":18,"prefix":"Then","index":3,"text":"status 200"}}],"line":14,"description":"","durationMillis":184.487887,"failed":true,"error":"http call failed after 172 milliseconds for url: \/127.0.0.1\/system\/check\nkarate.org.apache.http.ProtocolException: Target host is not specified\nfeatures\/test.feature:17","executorName":"main","name":"test_2","startTime":1684686151534,"refId":"[2:14]","endTime":1684686151725,"exampleIndex":-1}],"callDepth":0,"name":"test","description":"","resultDate":"2023-05-21 06:22:31 PM","durationMillis":190.13294,"passedCount":1}