{"failedCount":1,"prefixedPath":"features\/test.feature","packageQualifiedName":"features.test","loopIndex":-1,"relativePath":"features\/test.feature","scenarioResults":[{"sectionIndex":0,"stepResults":[{"result":{"nanos":929858,"millis":0.929858,"status":"passed"},"step":{"line":11,"prefix":"*","index":0,"text":"def test = \"test me!\""}},{"result":{"nanos":2535760,"millis":2.53576,"status":"passed"},"step":{"line":12,"prefix":"Then","index":1,"text":"print test"},"stepLog":"19:21:47.328 [print] test me! \n"}],"executorName":"main","line":10,"name":"test_1","description":"","durationMillis":3.465618,"startTime":1684689707239,"failed":false,"refId":"[1:10]","endTime":1684689707328,"exampleIndex":-1},{"sectionIndex":1,"stepResults":[{"result":{"nanos":845288,"millis":0.845288,"status":"passed"},"step":{"line":15,"prefix":"Given","index":0,"text":"url \"127.0.0.1\""}},{"result":{"nanos":5506875,"millis":5.506875,"status":"passed"},"step":{"line":16,"prefix":"Given","index":1,"text":"path 'system', 'check'"}},{"result":{"nanos":137317893,"errorMessage":"http call failed after 133 milliseconds for url: \/127.0.0.1\/system\/check\nkarate.org.apache.http.ProtocolException: Target host is not specified\nfeatures\/test.feature:17","millis":137.317893,"status":"failed"},"step":{"line":17,"prefix":"When","index":2,"text":"method GET"},"stepLog":"19:21:47.478 karate.org.apache.http.ProtocolException: Target host is not specified, http call failed after 133 milliseconds for url: \/127.0.0.1\/system\/check\n19:21:47.481 features\/test.feature:17\nWhen method GET\nhttp call failed after 133 milliseconds for url: \/127.0.0.1\/system\/check\nkarate.org.apache.http.ProtocolException: Target host is not specified\nfeatures\/test.feature:17\n"},{"result":{"nanos":0,"millis":0.0,"status":"skipped"},"step":{"line":18,"prefix":"Then","index":3,"text":"status 200"}}],"line":14,"description":"","durationMillis":143.670056,"failed":true,"error":"http call failed after 133 milliseconds for url: \/127.0.0.1\/system\/check\nkarate.org.apache.http.ProtocolException: Target host is not specified\nfeatures\/test.feature:17","executorName":"main","name":"test_2","startTime":1684689707333,"refId":"[2:14]","endTime":1684689707481,"exampleIndex":-1}],"callDepth":0,"name":"test","description":"","resultDate":"2023-05-21 07:21:47 PM","durationMillis":147.135674,"passedCount":1}