{"failedCount":1,"prefixedPath":"features\/test.feature","packageQualifiedName":"features.test","loopIndex":-1,"relativePath":"features\/test.feature","scenarioResults":[{"sectionIndex":0,"stepResults":[{"result":{"nanos":1406541,"millis":1.406541,"status":"passed"},"step":{"line":11,"prefix":"*","index":0,"text":"def test = \"test me!\""}},{"result":{"nanos":3518704,"millis":3.518704,"status":"passed"},"step":{"line":12,"prefix":"Then","index":1,"text":"print test"},"stepLog":"19:17:58.112 [print] test me! \n"}],"executorName":"main","line":10,"name":"test_1","description":"","durationMillis":4.925245,"startTime":1684689477928,"failed":false,"refId":"[1:10]","endTime":1684689478112,"exampleIndex":-1},{"sectionIndex":1,"stepResults":[{"result":{"nanos":678392,"millis":0.678392,"status":"passed"},"step":{"line":15,"prefix":"Given","index":0,"text":"url \"127.0.0.1\""}},{"result":{"nanos":6139999,"millis":6.139999,"status":"passed"},"step":{"line":16,"prefix":"Given","index":1,"text":"path 'system', 'check'"}},{"result":{"nanos":228539416,"errorMessage":"http call failed after 220 milliseconds for url: \/127.0.0.1\/system\/check\nkarate.org.apache.http.ProtocolException: Target host is not specified\nfeatures\/test.feature:17","millis":228.539416,"status":"failed"},"step":{"line":17,"prefix":"When","index":2,"text":"method GET"},"stepLog":"19:17:58.354 karate.org.apache.http.ProtocolException: Target host is not specified, http call failed after 220 milliseconds for url: \/127.0.0.1\/system\/check\n19:17:58.358 features\/test.feature:17\nWhen method GET\nhttp call failed after 220 milliseconds for url: \/127.0.0.1\/system\/check\nkarate.org.apache.http.ProtocolException: Target host is not specified\nfeatures\/test.feature:17\n"},{"result":{"nanos":0,"millis":0.0,"status":"skipped"},"step":{"line":18,"prefix":"Then","index":3,"text":"status 200"}}],"line":14,"description":"","durationMillis":235.357807,"failed":true,"error":"http call failed after 220 milliseconds for url: \/127.0.0.1\/system\/check\nkarate.org.apache.http.ProtocolException: Target host is not specified\nfeatures\/test.feature:17","executorName":"main","name":"test_2","startTime":1684689478117,"refId":"[2:14]","endTime":1684689478358,"exampleIndex":-1}],"callDepth":0,"name":"test","description":"","resultDate":"2023-05-21 07:17:58 PM","durationMillis":240.283052,"passedCount":1}