{"failedCount":1,"prefixedPath":"features\/test.feature","packageQualifiedName":"features.test","loopIndex":-1,"relativePath":"features\/test.feature","scenarioResults":[{"sectionIndex":0,"stepResults":[{"result":{"nanos":1303270,"millis":1.30327,"status":"passed"},"step":{"line":11,"prefix":"*","index":0,"text":"def test = \"test me!\""}},{"result":{"nanos":3229037,"millis":3.229037,"status":"passed"},"step":{"line":12,"prefix":"Then","index":1,"text":"print test"},"stepLog":"19:21:22.836 [print] test me! \n"}],"executorName":"main","line":10,"name":"test_1","description":"","durationMillis":4.532307,"startTime":1684689682736,"failed":false,"refId":"[1:10]","endTime":1684689682837,"exampleIndex":-1},{"sectionIndex":1,"stepResults":[{"result":{"nanos":812441,"millis":0.812441,"status":"passed"},"step":{"line":15,"prefix":"Given","index":0,"text":"url \"127.0.0.1\""}},{"result":{"nanos":3806511,"millis":3.806511,"status":"passed"},"step":{"line":16,"prefix":"Given","index":1,"text":"path 'system', 'check'"}},{"result":{"nanos":129186144,"errorMessage":"http call failed after 123 milliseconds for url: \/127.0.0.1\/system\/check\nkarate.org.apache.http.ProtocolException: Target host is not specified\nfeatures\/test.feature:17","millis":129.186144,"status":"failed"},"step":{"line":17,"prefix":"When","index":2,"text":"method GET"},"stepLog":"19:21:22.979 karate.org.apache.http.ProtocolException: Target host is not specified, http call failed after 123 milliseconds for url: \/127.0.0.1\/system\/check\n19:21:22.982 features\/test.feature:17\nWhen method GET\nhttp call failed after 123 milliseconds for url: \/127.0.0.1\/system\/check\nkarate.org.apache.http.ProtocolException: Target host is not specified\nfeatures\/test.feature:17\n"},{"result":{"nanos":0,"millis":0.0,"status":"skipped"},"step":{"line":18,"prefix":"Then","index":3,"text":"status 200"}}],"line":14,"description":"","durationMillis":133.805096,"failed":true,"error":"http call failed after 123 milliseconds for url: \/127.0.0.1\/system\/check\nkarate.org.apache.http.ProtocolException: Target host is not specified\nfeatures\/test.feature:17","executorName":"main","name":"test_2","startTime":1684689682843,"refId":"[2:14]","endTime":1684689682982,"exampleIndex":-1}],"callDepth":0,"name":"test","description":"","resultDate":"2023-05-21 07:21:22 PM","durationMillis":138.337403,"passedCount":1}